<?xml version="1.0" encoding="UTF-8"?>
<testsuite name="kr.ac.jejunu.UserDaoTests" tests="4" skipped="0" failures="0" errors="0" timestamp="2020-05-15T07:03:37" hostname="DESKTOP-S8KOA7Q" time="1.78">
  <properties/>
  <testcase name="delete()" classname="kr.ac.jejunu.UserDaoTests" time="1.402"/>
  <testcase name="insert()" classname="kr.ac.jejunu.UserDaoTests" time="0.148"/>
  <testcase name="update()" classname="kr.ac.jejunu.UserDaoTests" time="0.177"/>
  <testcase name="get()" classname="kr.ac.jejunu.UserDaoTests" time="0.047"/>
  <system-out><![CDATA[]]></system-out>
  <system-err><![CDATA[]]></system-err>
</testsuite>
