<?xml version="1.0" encoding="UTF-8"?>
<testsuite name="kr.ac.jejunu.UserDaoTests" tests="4" skipped="0" failures="0" errors="0" timestamp="2020-05-22T07:59:21" hostname="DESKTOP-S8KOA7Q" time="1.382">
  <properties/>
  <testcase name="delete()" classname="kr.ac.jejunu.UserDaoTests" time="1.1"/>
  <testcase name="insert()" classname="kr.ac.jejunu.UserDaoTests" time="0.109"/>
  <testcase name="update()" classname="kr.ac.jejunu.UserDaoTests" time="0.126"/>
  <testcase name="get()" classname="kr.ac.jejunu.UserDaoTests" time="0.043"/>
  <system-out><![CDATA[]]></system-out>
  <system-err><![CDATA[]]></system-err>
</testsuite>
