<?xml version="1.0" encoding="UTF-8"?>
<testsuite name="kr.ac.jejunu.UserDaoTests" tests="4" skipped="0" failures="0" errors="0" timestamp="2020-04-17T09:18:08" hostname="DESKTOP-S8KOA7Q" time="3.115">
  <properties/>
  <testcase name="insert()" classname="kr.ac.jejunu.UserDaoTests" time="2.718"/>
  <testcase name="insertHalla()" classname="kr.ac.jejunu.UserDaoTests" time="0.209"/>
  <testcase name="get()" classname="kr.ac.jejunu.UserDaoTests" time="0.108"/>
  <testcase name="getHalla()" classname="kr.ac.jejunu.UserDaoTests" time="0.065"/>
  <system-out><![CDATA[]]></system-out>
  <system-err><![CDATA[]]></system-err>
</testsuite>
