<?xml version="1.0" encoding="UTF-8"?>
<testsuite name="kr.ac.jejunu.UserDaoTests" tests="1" skipped="0" failures="0" errors="0" timestamp="2020-04-10T12:35:46" hostname="DESKTOP-S8KOA7Q" time="2.913">
  <properties/>
  <testcase name="get()" classname="kr.ac.jejunu.UserDaoTests" time="2.913"/>
  <system-out><![CDATA[]]></system-out>
  <system-err><![CDATA[]]></system-err>
</testsuite>
