<?xml version="1.0" encoding="UTF-8"?>
<testsuite name="kr.ac.jejunu.UserDaoTests" tests="2" skipped="0" failures="0" errors="0" timestamp="2020-04-24T08:43:01" hostname="DESKTOP-S8KOA7Q" time="2.031">
  <properties/>
  <testcase name="insert()" classname="kr.ac.jejunu.UserDaoTests" time="1.949"/>
  <testcase name="get()" classname="kr.ac.jejunu.UserDaoTests" time="0.079"/>
  <system-out><![CDATA[]]></system-out>
  <system-err><![CDATA[]]></system-err>
</testsuite>
