<?xml version="1.0" encoding="UTF-8"?>
<testsuite name="kr.ac.jejunu.LombokTests" tests="1" skipped="0" failures="0" errors="0" timestamp="2020-05-22T07:26:46" hostname="DESKTOP-S8KOA7Q" time="0.115">
  <properties/>
  <testcase name="equals()" classname="kr.ac.jejunu.LombokTests" time="0.115"/>
  <system-out><![CDATA[]]></system-out>
  <system-err><![CDATA[]]></system-err>
</testsuite>
