<?xml version="1.0" encoding="UTF-8"?>
<testsuite name="kr.ac.jejunu.UserDaoTests" tests="4" skipped="0" failures="0" errors="0" timestamp="2020-05-01T09:19:32" hostname="DESKTOP-S8KOA7Q" time="2.789">
  <properties/>
  <testcase name="delete()" classname="kr.ac.jejunu.UserDaoTests" time="2.332"/>
  <testcase name="insert()" classname="kr.ac.jejunu.UserDaoTests" time="0.207"/>
  <testcase name="update()" classname="kr.ac.jejunu.UserDaoTests" time="0.174"/>
  <testcase name="get()" classname="kr.ac.jejunu.UserDaoTests" time="0.058"/>
  <system-out><![CDATA[]]></system-out>
  <system-err><![CDATA[]]></system-err>
</testsuite>
